{"func_name":"setup.auth.BuildAuthModule","level":"info","message":"开始构建认证模块","operation":"setup","option":"setup.auth.begin","path":"internal.app.master.setup.auth.BuildAuthModule","timestamp":"2026-01-09 18:42:14.576"}
{"func_name":"setup.auth.BuildAuthModule","level":"info","message":"会话存储使用 Redis 实现","operation":"setup","option":"setup.auth.repo.session.redis","path":"internal.app.master.setup.auth.BuildAuthModule","timestamp":"2026-01-09 18:42:14.577"}
{"func_name":"setup.auth.BuildAuthModule","level":"info","message":"认证模块构建完成","operation":"setup","option":"setup.auth.done","path":"internal.app.master.setup.auth.BuildAuthModule","timestamp":"2026-01-09 18:42:14.579"}
{"func_name":"setup.rbac.BuildSystemRBACModule","level":"info","message":"开始构建系统RBAC模块","operation":"setup","option":"setup.rbac.begin","path":"internal.app.master.setup.rbac.BuildSystemRBACModule","timestamp":"2026-01-09 18:42:14.581"}
{"func_name":"setup.rbac.BuildSystemRBACModule","level":"info","message":"系统RBAC模块构建完成","operation":"setup","option":"setup.rbac.done","path":"internal.app.master.setup.rbac.BuildSystemRBACModule","timestamp":"2026-01-09 18:42:14.585"}
{"func_name":"setup.tag_system.BuildTagSystemModule","level":"info","message":"开始构建标签系统模块","operation":"setup","option":"setup.tag_system.begin","path":"internal.app.master.setup.tag_system.BuildTagSystemModule","timestamp":"2026-01-09 18:42:14.591"}
{"func_name":"setup.tag_system.BuildTagSystemModule","level":"info","message":"标签系统模块构建完成","operation":"setup","option":"setup.tag_system.done","path":"internal.app.master.setup.tag_system.BuildTagSystemModule","timestamp":"2026-01-09 18:42:14.610"}
{"func_name":"setup.BuildAssetModule","level":"info","message":"开始初始化资产管理模块","operation":"build_module","path":"setup.asset","timestamp":"2026-01-09 18:42:14.611"}
{"func_name":"setup.BuildAssetModule","level":"info","message":"资产管理模块初始化完成","operation":"build_module","path":"setup.asset","timestamp":"2026-01-09 18:42:14.612"}
{"func_name":"setup.BuildOrchestratorModule","level":"info","message":"开始初始化扫描编排器模块","operation":"build_module","path":"setup.orchestrator","timestamp":"2026-01-09 18:42:14.612"}
{"client_ip":"","fields.message":"Fingerprint rules loaded","level":"info","message":"Fingerprint rules loaded","method":"","path":"rules\\fingerprint","request_id":"","timestamp":"2026-01-09 18:42:14.613","type":"info","user_id":0}
{"func_name":"setup.BuildOrchestratorModule","level":"info","message":"扫描编排器模块初始化完成","operation":"build_module","path":"setup.orchestrator","timestamp":"2026-01-09 18:42:14.617"}
{"func_name":"setup.agent.BuildAgentModule","level":"info","message":"开始构建 Agent 管理模块","operation":"setup","option":"setup.agent.begin","path":"internal.app.master.setup.agent.BuildAgentModule","timestamp":"2026-01-09 18:42:14.617"}
{"client_ip":"","fields.message":"BootstrapSystemTags success","level":"info","message":"BootstrapSystemTags success","method":"completed","path":"BootstrapSystemTags","request_id":"","timestamp":"2026-01-09 18:42:14.636","type":"info","user_id":0}
{"client_ip":"","fields.message":"Agent能力标签同步完成","level":"info","message":"Agent能力标签同步完成","method":"SyncScanTypesToTags","path":"BuildAgentModule","request_id":"","timestamp":"2026-01-09 18:42:14.660","type":"info","user_id":0}
{"func_name":"setup.agent.BuildAgentModule","level":"info","message":"Agent 管理模块构建完成","operation":"setup","option":"setup.agent.done","path":"internal.app.master.setup.agent.BuildAgentModule","timestamp":"2026-01-09 18:42:14.661"}
{"func_name":"router.registerGlobalMiddleware","level":"info","message":"开始注册全局中间件","operation":"register_global_middleware","option":"middlewareManager.attach","path":"router_manager.registerGlobalMiddleware","timestamp":"2026-01-09 18:42:14.662"}
{"func_name":"router.registerGlobalMiddleware","level":"info","message":"全局中间件注册完成","operation":"register_global_middleware","option":"middlewareManager.attach.done","path":"router_manager.registerGlobalMiddleware","timestamp":"2026-01-09 18:42:14.662"}
{"func_name":"router.registerRoutes","level":"info","message":"开始注册路由","operation":"register_routes","option":"routes.attach.begin","path":"router_manager.registerRoutes","timestamp":"2026-01-09 18:42:14.663"}
{"func":"setupAssetRoutes","level":"info","message":"资产管理路由注册完成","path":"router.asset","timestamp":"2026-01-09 18:42:14.664"}
{"func_name":"router.registerRoutes","level":"info","message":"路由注册完成","operation":"register_routes","option":"routes.attach.done","path":"router_manager.registerRoutes","timestamp":"2026-01-09 18:42:14.664"}
{"client_ip":"","fields.message":"Starting Scheduler Engine...","interval":"10s","level":"info","message":"Starting Scheduler Engine...","method":"","path":"service.scheduler.Start","request_id":"","timestamp":"2026-01-09 18:42:14.664","type":"info","user_id":0}
{"level":"info","message":"LocalAgent started","operation":"start","path":"service.orchestrator.local_agent","timestamp":"2026-01-09 18:42:14.665"}
{"client_ip":"","fields.message":"Starting ETL ResultProcessor","level":"info","message":"Starting ETL ResultProcessor","method":"","path":"etl.processor.Start","request_id":"","timestamp":"2026-01-09 18:42:14.666","type":"info","user_id":0,"workers":5}
{"client_ip":"","fields.message":"Worker started","level":"info","message":"Worker started","method":"","path":"etl.processor.worker","request_id":"","timestamp":"2026-01-09 18:42:14.668","type":"info","user_id":0,"worker_id":1}
{"client_ip":"","fields.message":"Worker started","level":"info","message":"Worker started","method":"","path":"etl.processor.worker","request_id":"","timestamp":"2026-01-09 18:42:14.668","type":"info","user_id":0,"worker_id":0}
{"client_ip":"","fields.message":"Worker started","level":"info","message":"Worker started","method":"","path":"etl.processor.worker","request_id":"","timestamp":"2026-01-09 18:42:14.669","type":"info","user_id":0,"worker_id":3}
{"client_ip":"","fields.message":"Worker started","level":"info","message":"Worker started","method":"","path":"etl.processor.worker","request_id":"","timestamp":"2026-01-09 18:42:14.669","type":"info","user_id":0,"worker_id":2}
{"client_ip":"","fields.message":"Worker started","level":"info","message":"Worker started","method":"","path":"etl.processor.worker","request_id":"","timestamp":"2026-01-09 18:42:14.669","type":"info","user_id":0,"worker_id":4}
{"client_ip":"::1","fields.message":"Processing CORS request","func_name":"middleware.security.GinCORSMiddleware","level":"info","message":"Processing CORS request","method":"GET","operation":"cors_middleware","option":"handle_cors_request","origin":"","path":"/api/health","request_id":"","timestamp":"2026-01-09 18:42:43.757","type":"info","user_id":0}
{"client_ip":"::1","fields.message":"Setting security headers","func_name":"middleware.security.GinSecurityHeadersMiddleware","level":"info","message":"Setting security headers","method":"GET","operation":"security_headers","option":"set_security_headers","path":"/api/health","request_id":"","timestamp":"2026-01-09 18:42:43.757","type":"info","user_id":0}
{"client_ip":"","fields.message":"Scheduler Engine Stopped","level":"info","message":"Scheduler Engine Stopped","method":"","path":"service.scheduler.Stop","request_id":"","timestamp":"2026-01-09 18:47:54.255","type":"info","user_id":0}
{"level":"info","message":"LocalAgent stopped","operation":"stop","path":"service.orchestrator.local_agent","timestamp":"2026-01-09 18:47:54.256"}
{"client_ip":"","fields.message":"ETL ResultProcessor stopped","level":"info","message":"ETL ResultProcessor stopped","method":"","path":"etl.processor.Stop","request_id":"","timestamp":"2026-01-09 18:47:54.256","type":"info","user_id":0}
